[20:09:45] [main/INFO]: Setting user: Player813
[20:09:46] [Client thread/INFO]: LWJGL Version: 2.9.1
[20:09:57] [Client thread/INFO]: Reloading ResourceManager: Default, FMLFileResourcePack:Forge Mod Loader, FMLFileResourcePack:Minecraft Forge, FMLFileResourcePack:Protection Plus
[20:09:58] [Sound Library Loader/INFO]: Sound engine started
[20:10:11] [Client thread/INFO]: Created: 512x256 textures/blocks-atlas
[20:10:11] [Client thread/INFO]: Created: 512x256 textures/items-atlas
[20:10:11] [Client thread/INFO]: Reloading ResourceManager: Default, FMLFileResourcePack:Forge Mod Loader, FMLFileResourcePack:Minecraft Forge, FMLFileResourcePack:Protection Plus
[20:10:12] [Client thread/INFO]: Created: 512x256 textures/items-atlas
[20:10:12] [Client thread/INFO]: Created: 512x256 textures/blocks-atlas
[20:10:12] [Sound Library Loader/INFO]: Sound engine started
[20:10:17] [Server thread/INFO]: Starting integrated minecraft server version 1.7.10
[20:10:17] [Server thread/INFO]: Generating keypair
[20:10:17] [Server thread/INFO]: Preparing start region for level 0
[20:10:18] [Server thread/INFO]: Changing view distance to 8, from 10
[20:10:19] [Server thread/INFO]: Player813[local:E:e3ea33b1] logged in with entity id 185 at (-866.1972961463917, 6.490643189201405, -374.6224659059014)
[20:10:19] [Server thread/INFO]: Player813 joined the game
[20:10:19] [Server thread/INFO]: Saving and pausing game...
[20:10:19] [Server thread/INFO]: Saving chunks for level 'Testering'/Overworld
[20:10:20] [Server thread/INFO]: Saving chunks for level 'Testering'/Nether
[20:10:20] [Server thread/INFO]: Saving chunks for level 'Testering'/The End
[20:10:22] [Server thread/INFO]: Player813 has just earned the achievement [Taking Inventory]
[20:10:22] [Client thread/INFO]: [CHAT] Player813 has just earned the achievement [Taking Inventory]
[20:10:32] [pool-2-thread-1/WARN]: Couldn't look up profile properties for com.mojang.authlib.GameProfile@15cb1cb[id=fb8576b0-fae6-3c1e-b44e-6422260d3c41,name=Player813,properties={},legacy=false]
com.mojang.authlib.exceptions.AuthenticationUnavailableException: Cannot contact authentication server
	at com.mojang.authlib.yggdrasil.YggdrasilAuthenticationService.makeRequest(YggdrasilAuthenticationService.java:71) ~[YggdrasilAuthenticationService.class:?]
	at com.mojang.authlib.yggdrasil.YggdrasilMinecraftSessionService.fillGameProfile(YggdrasilMinecraftSessionService.java:158) [YggdrasilMinecraftSessionService.class:?]
	at com.mojang.authlib.yggdrasil.YggdrasilMinecraftSessionService$1.load(YggdrasilMinecraftSessionService.java:53) [YggdrasilMinecraftSessionService$1.class:?]
	at com.mojang.authlib.yggdrasil.YggdrasilMinecraftSessionService$1.load(YggdrasilMinecraftSessionService.java:50) [YggdrasilMinecraftSessionService$1.class:?]
	at com.google.common.cache.LocalCache$LoadingValueReference.loadFuture(LocalCache.java:3524) [guava-17.0.jar:?]
	at com.google.common.cache.LocalCache$Segment.loadSync(LocalCache.java:2317) [guava-17.0.jar:?]
	at com.google.common.cache.LocalCache$Segment.lockedGetOrLoad(LocalCache.java:2280) [guava-17.0.jar:?]
	at com.google.common.cache.LocalCache$Segment.get(LocalCache.java:2195) [guava-17.0.jar:?]
	at com.google.common.cache.LocalCache.get(LocalCache.java:3934) [guava-17.0.jar:?]
	at com.google.common.cache.LocalCache.getOrLoad(LocalCache.java:3938) [guava-17.0.jar:?]
	at com.google.common.cache.LocalCache$LocalLoadingCache.get(LocalCache.java:4821) [guava-17.0.jar:?]
	at com.google.common.cache.LocalCache$LocalLoadingCache.getUnchecked(LocalCache.java:4827) [guava-17.0.jar:?]
	at com.mojang.authlib.yggdrasil.YggdrasilMinecraftSessionService.fillProfileProperties(YggdrasilMinecraftSessionService.java:148) [YggdrasilMinecraftSessionService.class:?]
	at net.minecraft.client.resources.SkinManager$3.run(SkinManager.java:133) [SkinManager$3.class:?]
	at java.util.concurrent.Executors$RunnableAdapter.call(Executors.java:471) [?:1.7.0_67]
	at java.util.concurrent.FutureTask.run(FutureTask.java:262) [?:1.7.0_67]
	at java.util.concurrent.ThreadPoolExecutor.runWorker(ThreadPoolExecutor.java:1145) [?:1.7.0_67]
	at java.util.concurrent.ThreadPoolExecutor$Worker.run(ThreadPoolExecutor.java:615) [?:1.7.0_67]
	at java.lang.Thread.run(Thread.java:745) [?:1.7.0_67]
Caused by: java.net.UnknownHostException: sessionserver.mojang.com
	at java.net.AbstractPlainSocketImpl.connect(AbstractPlainSocketImpl.java:178) ~[?:1.7.0_67]
	at java.net.PlainSocketImpl.connect(PlainSocketImpl.java:172) ~[?:1.7.0_67]
	at java.net.SocksSocketImpl.connect(SocksSocketImpl.java:392) ~[?:1.7.0_67]
	at java.net.Socket.connect(Socket.java:579) ~[?:1.7.0_67]
	at sun.security.ssl.SSLSocketImpl.connect(SSLSocketImpl.java:618) ~[?:1.7.0_67]
	at sun.net.NetworkClient.doConnect(NetworkClient.java:175) ~[?:1.7.0_67]
	at sun.net.www.http.HttpClient.openServer(HttpClient.java:432) ~[?:1.7.0_67]
	at sun.net.www.http.HttpClient.openServer(HttpClient.java:527) ~[?:1.7.0_67]
	at sun.net.www.protocol.https.HttpsClient.<init>(HttpsClient.java:275) ~[?:1.7.0_67]
	at sun.net.www.protocol.https.HttpsClient.New(HttpsClient.java:371) ~[?:1.7.0_67]
	at sun.net.www.protocol.https.AbstractDelegateHttpsURLConnection.getNewHttpClient(AbstractDelegateHttpsURLConnection.java:191) ~[?:1.7.0_67]
	at sun.net.www.protocol.http.HttpURLConnection.plainConnect(HttpURLConnection.java:975) ~[?:1.7.0_67]
	at sun.net.www.protocol.https.AbstractDelegateHttpsURLConnection.connect(AbstractDelegateHttpsURLConnection.java:177) ~[?:1.7.0_67]
	at sun.net.www.protocol.http.HttpURLConnection.getInputStream(HttpURLConnection.java:1300) ~[?:1.7.0_67]
	at sun.net.www.protocol.https.HttpsURLConnectionImpl.getInputStream(HttpsURLConnectionImpl.java:254) ~[?:1.7.0_67]
	at com.mojang.authlib.HttpAuthenticationService.performGetRequest(HttpAuthenticationService.java:126) ~[HttpAuthenticationService.class:?]
	at com.mojang.authlib.yggdrasil.YggdrasilAuthenticationService.makeRequest(YggdrasilAuthenticationService.java:54) ~[YggdrasilAuthenticationService.class:?]
	... 18 more
[20:13:08] [Server thread/INFO]: Saving and pausing game...
[20:13:08] [Server thread/INFO]: Saving chunks for level 'Testering'/Overworld
[20:13:08] [Server thread/INFO]: Saving chunks for level 'Testering'/Nether
[20:13:08] [Server thread/INFO]: Saving chunks for level 'Testering'/The End
[20:13:09] [Server thread/INFO]: Stopping server
[20:13:09] [Server thread/INFO]: Saving players
[20:13:09] [Server thread/INFO]: Saving worlds
[20:13:09] [Server thread/INFO]: Saving chunks for level 'Testering'/Overworld
[20:13:09] [Server thread/INFO]: Saving chunks for level 'Testering'/Nether
[20:13:09] [Server thread/INFO]: Saving chunks for level 'Testering'/The End
[20:13:10] [Client thread/INFO]: Stopping!
